Solution file 1:
  casa: It's in the puzzle with coords: [2, 0] [2, 1] [3, 1] [3, 0] 
  hipopotamo: It's not in the puzzle.
  carruaje: It's in the puzzle with coords: [2, 0] [1, 0] [0, 0] [0, 1] [0, 2] [0, 3] [1, 3] [2, 3] 
  perrito: It's in the puzzle with coords: [3, 2] [3, 3] [3, 4] [2, 4] [2, 5] [1, 5] [1, 4] 
  alepra: It's in the puzzle with coords: [0, 6] [1, 6] [2, 6] [3, 6] [4, 6] [5, 6] 
Solution file 2:
  casa: It's in the puzzle with coords: [2, 0] [2, 1] [3, 1] [3, 0] 
  hipopotamo: It's not in the puzzle.
  carruaje: It's in the puzzle with coords: [2, 0] [1, 0] [0, 0] [0, 1] [0, 2] [0, 3] [1, 3] [2, 3] 
  perrito: It's in the puzzle with coords: [3, 2] [3, 3] [3, 4] [2, 4] [2, 5] [1, 5] [1, 4] 
Solution file 3:
  chile: It's in the puzzle with coords: [0, 2] [1, 2] [1, 3] [2, 3] [2, 2] 
  brasil: It's in the puzzle with coords: [3, 3] [3, 4] [4, 4] [5, 4] [5, 3] [5, 2] 
  peru: It's in the puzzle with coords: [5, 0] [4, 0] [3, 0] [2, 0] 
  bolivia: It's not in the puzzle.
Solution file 4:
  por: It's in the puzzle with coords: [0, 4] [1, 4] [2, 4] 
  que: It's in the puzzle with coords: [2, 3] [3, 3] [3, 4] 
  no: It's in the puzzle with coords: [4, 4] [4, 5] 
  podemos: It's in the puzzle with coords: [3, 5] [4, 5] [5, 5] [5, 4] [5, 3] [5, 2] [4, 2] 
  usar: It's in the puzzle with coords: [2, 1] [1, 1] [1, 0] [0, 0] 
  swing: It's in the puzzle with coords: [2, 0] [3, 0] [4, 0] [5, 0] [5, 1] 
Solution file 5:
  paralelepipedo: It's in the puzzle with coords: [0, 0] [0, 1] [0, 2] [0, 3] [0, 4] [0, 5] [0, 6] [0, 7] [0, 8] [0, 9] [0, 10] [0, 11] [0, 12] [0, 13] 
